
> web@1.0.0 precommit /Users/oliferchik/Documents/rss-web/apps/web
> lint-staged && next lint --fix

[STARTED] Preparing lint-staged...
[SUCCESS] Preparing lint-staged...
[STARTED] Hiding unstaged changes to partially staged files...
[SUCCESS] Hiding unstaged changes to partially staged files...
[STARTED] Running tasks for staged files...
[STARTED] package.json — 10 files
[STARTED] *.{ts,tsx} — 8 files
[STARTED] eslint --ext ts --ext tsx --fix
[SUCCESS] eslint --ext ts --ext tsx --fix
[SUCCESS] *.{ts,tsx} — 8 files
[SUCCESS] package.json — 10 files
[SUCCESS] Running tasks for staged files...
[STARTED] Applying modifications from tasks...
[SUCCESS] Applying modifications from tasks...
[STARTED] Restoring unstaged changes to partially staged files...
[SUCCESS] Restoring unstaged changes to partially staged files...
[STARTED] Cleaning up temporary files...
[SUCCESS] Cleaning up temporary files...
info  - Loaded env from /Users/oliferchik/Documents/rss-web/apps/web/.env.production
warn  - You have enabled experimental feature (outputFileTracingRoot) in next.config.js.
warn  - Experimental features are not covered by semver, and may cause unexpected or broken application behavior. Use at your own risk.

✔ No ESLint warnings or errors
